21:23:29.866 Running build in Washington, D.C., USA (East) – iad1
21:23:29.866 Build machine configuration: 2 cores, 8 GB
21:23:30.021 Cloning github.com/TaiChi112/FumadProff (Branch: main, Commit: 4bbf1c8)
21:23:30.309 Cloning completed: 288.000ms
21:23:31.375 Skipping build cache since Package Manager changed from "npm" to "bun"
21:23:31.637 Running "vercel build"
21:23:32.038 Vercel CLI 50.1.6
21:23:32.535 Installing dependencies...
21:23:32.570 bun install v1.3.5 (1e86cebd)
21:23:38.731 
21:23:38.788 $ fumadocs-mdx
21:23:40.607 [MDX] types generated
21:23:40.932 
21:23:40.932 + @astrojs/mdx@4.3.13
21:23:40.933 + @eslint/eslintrc@3.3.3
21:23:40.933 + @types/mdx@2.0.13
21:23:40.933 + @types/node@24.3.3
21:23:40.933 + @types/react@19.2.8
21:23:40.933 + @types/react-dom@19.2.3
21:23:40.933 + autoprefixer@10.4.23
21:23:40.933 + eslint@9.39.2
21:23:40.933 + eslint-config-next@15.5.3
21:23:40.933 + postcss@8.5.6
21:23:40.933 + rehype-pretty-code@0.14.1
21:23:40.933 + remark-gfm@4.0.1
21:23:40.933 + remark-mermaidjs@7.0.0
21:23:40.933 + tailwindcss@3.4.19
21:23:40.933 + typescript@5.9.3
21:23:40.933 + fumadocs-core@15.7.12
21:23:40.933 + fumadocs-mdx@11.10.0
21:23:40.933 + fumadocs-ui@15.7.12
21:23:40.933 + katex@0.16.27
21:23:40.933 + lightningcss@1.30.2
21:23:40.933 + lucide-react@0.544.0
21:23:40.933 + next@15.5.9
21:23:40.933 + react@19.2.3
21:23:40.933 + react-dom@19.2.3
21:23:40.933 + rehype-katex@7.0.1
21:23:40.933 + remark-math@6.0.0
21:23:40.933 
21:23:40.934 851 packages installed [8.38s]
21:23:41.066 Detected Next.js version: 15.5.9
21:23:41.069 Running "bun run build"
21:23:41.072 $ next build
21:23:42.825 Attention: Next.js now collects completely anonymous telemetry regarding usage.
21:23:42.826 This information is used to shape Next.js' roadmap and prioritize features.
21:23:42.826 You can learn more, including how to opt-out if you'd not like to participate in this anonymous program, by visiting the following URL:
21:23:42.826 https://nextjs.org/telemetry
21:23:42.826 
21:23:43.101    ▲ Next.js 15.5.9
21:23:43.102 
21:23:43.705 [MDX] updated map file in 332.7727420000001ms
21:23:43.837    Creating an optimized production build ...
21:23:47.845 LaTeX-incompatible input and strict mode is set to 'warn': Unicode text character "ค" used in math mode [unicodeTextInMathMode]
21:23:47.846 LaTeX-incompatible input and strict mode is set to 'warn': Unicode text character "่" used in math mode [unicodeTextInMathMode]
21:23:47.846 LaTeX-incompatible input and strict mode is set to 'warn': Unicode text character "า" used in math mode [unicodeTextInMathMode]
21:23:47.847 LaTeX-incompatible input and strict mode is set to 'warn': Unicode text character "เ" used in math mode [unicodeTextInMathMode]
21:23:47.847 LaTeX-incompatible input and strict mode is set to 'warn': Unicode text character "ด" used in math mode [unicodeTextInMathMode]
21:23:47.847 LaTeX-incompatible input and strict mode is set to 'warn': Unicode text character "ิ" used in math mode [unicodeTextInMathMode]
21:23:47.847 LaTeX-incompatible input and strict mode is set to 'warn': Unicode text character "ม" used in math mode [unicodeTextInMathMode]
21:23:47.848 LaTeX-incompatible input and strict mode is set to 'warn': Unicode text character "ต" used in math mode [unicodeTextInMathMode]
21:23:47.849 LaTeX-incompatible input and strict mode is set to 'warn': Unicode text character "่" used in math mode [unicodeTextInMathMode]
21:23:47.849 LaTeX-incompatible input and strict mode is set to 'warn': Unicode text character "ำ" used in math mode [unicodeTextInMathMode]
21:23:47.850 LaTeX-incompatible input and strict mode is set to 'warn': Unicode text character "ส" used in math mode [unicodeTextInMathMode]
21:23:47.850 LaTeX-incompatible input and strict mode is set to 'warn': Unicode text character "ุ" used in math mode [unicodeTextInMathMode]
21:23:47.851 LaTeX-incompatible input and strict mode is set to 'warn': Unicode text character "ด" used in math mode [unicodeTextInMathMode]
21:23:47.851 LaTeX-incompatible input and strict mode is set to 'warn': Unicode text character "เ" used in math mode [unicodeTextInMathMode]
21:23:47.852 LaTeX-incompatible input and strict mode is set to 'warn': Unicode text character "ด" used in math mode [unicodeTextInMathMode]
21:23:47.852 LaTeX-incompatible input and strict mode is set to 'warn': Unicode text character "ิ" used in math mode [unicodeTextInMathMode]
21:23:47.852 LaTeX-incompatible input and strict mode is set to 'warn': Unicode text character "ม" used in math mode [unicodeTextInMathMode]
21:23:47.853 LaTeX-incompatible input and strict mode is set to 'warn': Unicode text character "ส" used in math mode [unicodeTextInMathMode]
21:23:47.853 LaTeX-incompatible input and strict mode is set to 'warn': Unicode text character "ู" used in math mode [unicodeTextInMathMode]
21:23:47.854 LaTeX-incompatible input and strict mode is set to 'warn': Unicode text character "ง" used in math mode [unicodeTextInMathMode]
21:23:47.855 LaTeX-incompatible input and strict mode is set to 'warn': Unicode text character "ส" used in math mode [unicodeTextInMathMode]
21:23:47.855 LaTeX-incompatible input and strict mode is set to 'warn': Unicode text character "ุ" used in math mode [unicodeTextInMathMode]
21:23:47.855 LaTeX-incompatible input and strict mode is set to 'warn': Unicode text character "ด" used in math mode [unicodeTextInMathMode]
21:23:47.856 LaTeX-incompatible input and strict mode is set to 'warn': Unicode text character "เ" used in math mode [unicodeTextInMathMode]
21:23:47.856 LaTeX-incompatible input and strict mode is set to 'warn': Unicode text character "ด" used in math mode [unicodeTextInMathMode]
21:23:47.857 LaTeX-incompatible input and strict mode is set to 'warn': Unicode text character "ิ" used in math mode [unicodeTextInMathMode]
21:23:47.857 LaTeX-incompatible input and strict mode is set to 'warn': Unicode text character "ม" used in math mode [unicodeTextInMathMode]
21:23:47.859 LaTeX-incompatible input and strict mode is set to 'warn': Unicode text character "ต" used in math mode [unicodeTextInMathMode]
21:23:47.860 LaTeX-incompatible input and strict mode is set to 'warn': Unicode text character "่" used in math mode [unicodeTextInMathMode]
21:23:47.860 LaTeX-incompatible input and strict mode is set to 'warn': Unicode text character "ำ" used in math mode [unicodeTextInMathMode]
21:23:47.863 LaTeX-incompatible input and strict mode is set to 'warn': Unicode text character "ส" used in math mode [unicodeTextInMathMode]
21:23:47.864 LaTeX-incompatible input and strict mode is set to 'warn': Unicode text character "ุ" used in math mode [unicodeTextInMathMode]
21:23:47.864 LaTeX-incompatible input and strict mode is set to 'warn': Unicode text character "ด" used in math mode [unicodeTextInMathMode]
21:23:47.864 LaTeX-incompatible input and strict mode is set to 'warn': Unicode text character "ใ" used in math mode [unicodeTextInMathMode]
21:23:47.866 LaTeX-incompatible input and strict mode is set to 'warn': Unicode text character "ห" used in math mode [unicodeTextInMathMode]
21:23:47.866 LaTeX-incompatible input and strict mode is set to 'warn': Unicode text character "ม" used in math mode [unicodeTextInMathMode]
21:23:47.867 LaTeX-incompatible input and strict mode is set to 'warn': Unicode text character "่" used in math mode [unicodeTextInMathMode]
21:23:47.867 LaTeX-incompatible input and strict mode is set to 'warn': Unicode text character "ส" used in math mode [unicodeTextInMathMode]
21:23:47.867 LaTeX-incompatible input and strict mode is set to 'warn': Unicode text character "ู" used in math mode [unicodeTextInMathMode]
21:23:47.868 LaTeX-incompatible input and strict mode is set to 'warn': Unicode text character "ง" used in math mode [unicodeTextInMathMode]
21:23:47.868 LaTeX-incompatible input and strict mode is set to 'warn': Unicode text character "ส" used in math mode [unicodeTextInMathMode]
21:23:47.868 LaTeX-incompatible input and strict mode is set to 'warn': Unicode text character "ุ" used in math mode [unicodeTextInMathMode]
21:23:47.869 LaTeX-incompatible input and strict mode is set to 'warn': Unicode text character "ด" used in math mode [unicodeTextInMathMode]
21:23:47.869 LaTeX-incompatible input and strict mode is set to 'warn': Unicode text character "ใ" used in math mode [unicodeTextInMathMode]
21:23:47.869 LaTeX-incompatible input and strict mode is set to 'warn': Unicode text character "ห" used in math mode [unicodeTextInMathMode]
21:23:47.870 LaTeX-incompatible input and strict mode is set to 'warn': Unicode text character "ม" used in math mode [unicodeTextInMathMode]
21:23:47.870 LaTeX-incompatible input and strict mode is set to 'warn': Unicode text character "่" used in math mode [unicodeTextInMathMode]
21:24:23.248 <w> [webpack.cache.PackFileCacheStrategy] Skipped not serializable cache item 'Compilation/modules|/vercel/path0/node_modules/next/dist/build/webpack/loaders/css-loader/src/index.js??ruleSet[1].rules[14].oneOf[10].use[2]!/vercel/path0/node_modules/next/dist/build/webpack/loaders/postcss-loader/src/index.js??ruleSet[1].rules[14].oneOf[10].use[3]!/vercel/path0/node_modules/fumadocs-ui/css/preset.css': No serializer registered for PostCSSSyntaxError
21:24:23.250 <w> while serializing webpack/lib/cache/PackFileCacheStrategy.PackContentItems -> webpack/lib/NormalModule -> webpack/lib/ModuleBuildError -> PostCSSSyntaxError
21:24:25.417 Failed to compile.
21:24:25.418 
21:24:25.418 ./node_modules/fumadocs-ui/css/preset.css:233:1
21:24:25.418 Syntax error: /vercel/path0/node_modules/fumadocs-ui/css/preset.css `@layer base` is used but no matching `@tailwind base` directive is present.
21:24:25.418 
21:24:25.418  [90m 231 | [39m[33m}[39m
21:24:25.418  [90m 232 | [39m
21:24:25.418 [1m[31m>[39m[22m[90m 233 | [39m[36m@layer[39m base [33m{[39m
21:24:25.418  [90m     | [39m[1m[31m^[39m[22m
21:24:25.418  [90m 234 | [39m  *,
21:24:25.418  [90m 235 | [39m  [33m:[39m[33m:[39mafter,
21:24:25.418 
21:24:25.419 ./app/global.css
21:24:25.419 Syntax error: /vercel/path0/node_modules/fumadocs-ui/css/preset.css `@layer base` is used but no matching `@tailwind base` directive is present. (233:1)
21:24:25.419 
21:24:25.419  [90m 231 | [39m[33m}[39m
21:24:25.419  [90m 232 | [39m
21:24:25.419 [1m[31m>[39m[22m[90m 233 | [39m[36m@layer[39m base [33m{[39m
21:24:25.419  [90m     | [39m[1m[31m^[39m[22m
21:24:25.421  [90m 234 | [39m  *,
21:24:25.421  [90m 235 | [39m  [33m:[39m[33m:[39mafter,
21:24:25.421 
21:24:25.421     at tryRunOrWebpackError (/vercel/path0/node_modules/next/dist/compiled/webpack/bundle5.js:29:316119)
21:24:25.421     at __webpack_require_module__ (/vercel/path0/node_modules/next/dist/compiled/webpack/bundle5.js:29:131532)
21:24:25.421     at __nested_webpack_require_161494__ (/vercel/path0/node_modules/next/dist/compiled/webpack/bundle5.js:29:130967)
21:24:25.421     at Module.<anonymous> (/vercel/path0/node_modules/next/dist/build/webpack/loaders/css-loader/src/index.js??ruleSet[1].rules[14].oneOf[10].use[2]!/vercel/path0/node_modules/next/dist/build/webpack/loaders/postcss-loader/src/index.js??ruleSet[1].rules[14].oneOf[10].use[3]!/vercel/path0/app/global.css:8:308)
21:24:25.421     at /vercel/path0/node_modules/next/dist/compiled/webpack/bundle5.js:29:962717
21:24:25.421     at Hook.eval [as call] (eval at create (/vercel/path0/node_modules/next/dist/compiled/webpack/bundle5.js:14:9002), <anonymous>:7:1)
21:24:25.421     at /vercel/path0/node_modules/next/dist/compiled/webpack/bundle5.js:29:131565
21:24:25.422     at tryRunOrWebpackError (/vercel/path0/node_modules/next/dist/compiled/webpack/bundle5.js:29:316073)
21:24:25.427     at __webpack_require_module__ (/vercel/path0/node_modules/next/dist/compiled/webpack/bundle5.js:29:131532)
21:24:25.428     at __nested_webpack_require_161494__ (/vercel/path0/node_modules/next/dist/compiled/webpack/bundle5.js:29:130967)
21:24:25.428     at /vercel/path0/node_modules/next/dist/compiled/webpack/bundle5.js:29:131824
21:24:25.428     at symbolIterator (/vercel/path0/node_modules/next/dist/compiled/neo-async/async.js:1:14444)
21:24:25.428     at done (/vercel/path0/node_modules/next/dist/compiled/neo-async/async.js:1:14824)
21:24:25.428     at Hook.eval [as callAsync] (eval at create (/vercel/path0/node_modules/next/dist/compiled/webpack/bundle5.js:14:9224), <anonymous>:15:1)
21:24:25.428     at /vercel/path0/node_modules/next/dist/compiled/webpack/bundle5.js:29:130687
21:24:25.428     at symbolIterator (/vercel/path0/node_modules/next/dist/compiled/neo-async/async.js:1:14402)
21:24:25.428     at timesSync (/vercel/path0/node_modules/next/dist/compiled/neo-async/async.js:1:5027)
21:24:25.428     at Object.eachLimit (/vercel/path0/node_modules/next/dist/compiled/neo-async/async.js:1:14208)
21:24:25.428     at /vercel/path0/node_modules/next/dist/compiled/webpack/bundle5.js:29:130247
21:24:25.428     at symbolIterator (/vercel/path0/node_modules/next/dist/compiled/neo-async/async.js:1:14444)
21:24:25.428     at timesSync (/vercel/path0/node_modules/next/dist/compiled/neo-async/async.js:1:5027)
21:24:25.428     at Object.eachLimit (/vercel/path0/node_modules/next/dist/compiled/neo-async/async.js:1:14208)
21:24:25.428     at /vercel/path0/node_modules/next/dist/compiled/webpack/bundle5.js:29:129985
21:24:25.428     at symbolIterator (/vercel/path0/node_modules/next/dist/compiled/neo-async/async.js:1:14444)
21:24:25.428     at done (/vercel/path0/node_modules/next/dist/compiled/neo-async/async.js:1:14824)
21:24:25.429     at /vercel/path0/node_modules/next/dist/compiled/webpack/bundle5.js:29:129496
21:24:25.429     at /vercel/path0/node_modules/next/dist/compiled/webpack/bundle5.js:29:110331
21:24:25.429     at /vercel/path0/node_modules/next/dist/compiled/webpack/bundle5.js:29:315955
21:24:25.429     at _done (eval at create (/vercel/path0/node_modules/next/dist/compiled/webpack/bundle5.js:14:9224), <anonymous>:9:1)
21:24:25.429     at Hook.eval [as callAsync] (eval at create (/vercel/path0/node_modules/next/dist/compiled/webpack/bundle5.js:14:9224), <anonymous>:39:22)
21:24:25.429     at Cache.store (/vercel/path0/node_modules/next/dist/compiled/webpack/bundle5.js:29:16215)
21:24:25.429     at ItemCacheFacade.store (/vercel/path0/node_modules/next/dist/compiled/webpack/bundle5.js:29:17460)
21:24:25.429     at /vercel/path0/node_modules/next/dist/compiled/webpack/bundle5.js:29:110318
21:24:25.429     at /vercel/path0/node_modules/next/dist/compiled/webpack/bundle5.js:29:16080
21:24:25.429     at /vercel/path0/node_modules/next/dist/compiled/webpack/bundle5.js:29:15641
21:24:25.429     at /vercel/path0/node_modules/next/dist/compiled/webpack/bundle5.js:29:549074
21:24:25.429     at /vercel/path0/node_modules/next/dist/compiled/webpack/bundle5.js:29:16110
21:24:25.429     at eval (eval at create (/vercel/path0/node_modules/next/dist/compiled/webpack/bundle5.js:14:9224), <anonymous>:30:1)
21:24:25.429     at process.processTicksAndRejections (node:internal/process/task_queues:105:5)
21:24:25.429 -- inner error --
21:24:25.429 Syntax error: /vercel/path0/node_modules/fumadocs-ui/css/preset.css `@layer base` is used but no matching `@tailwind base` directive is present. (233:1)
21:24:25.429 
21:24:25.430  [90m 231 | [39m[33m}[39m
21:24:25.430  [90m 232 | [39m
21:24:25.430 [1m[31m>[39m[22m[90m 233 | [39m[36m@layer[39m base [33m{[39m
21:24:25.430  [90m     | [39m[1m[31m^[39m[22m
21:24:25.430  [90m 234 | [39m  *,
21:24:25.430  [90m 235 | [39m  [33m:[39m[33m:[39mafter,
21:24:25.430 
21:24:25.430     at Object.<anonymous> (/vercel/path0/node_modules/next/dist/build/webpack/loaders/css-loader/src/index.js??ruleSet[1].rules[14].oneOf[10].use[2]!/vercel/path0/node_modules/next/dist/build/webpack/loaders/postcss-loader/src/index.js??ruleSet[1].rules[14].oneOf[10].use[3]!/vercel/path0/node_modules/fumadocs-ui/css/preset.css:1:7)
21:24:25.430     at /vercel/path0/node_modules/next/dist/compiled/webpack/bundle5.js:29:962717
21:24:25.430     at Hook.eval [as call] (eval at create (/vercel/path0/node_modules/next/dist/compiled/webpack/bundle5.js:14:9002), <anonymous>:7:1)
21:24:25.430     at /vercel/path0/node_modules/next/dist/compiled/webpack/bundle5.js:29:131565
21:24:25.430     at tryRunOrWebpackError (/vercel/path0/node_modules/next/dist/compiled/webpack/bundle5.js:29:316073)
21:24:25.430     at __webpack_require_module__ (/vercel/path0/node_modules/next/dist/compiled/webpack/bundle5.js:29:131532)
21:24:25.430     at __nested_webpack_require_161494__ (/vercel/path0/node_modules/next/dist/compiled/webpack/bundle5.js:29:130967)
21:24:25.430     at Module.<anonymous> (/vercel/path0/node_modules/next/dist/build/webpack/loaders/css-loader/src/index.js??ruleSet[1].rules[14].oneOf[10].use[2]!/vercel/path0/node_modules/next/dist/build/webpack/loaders/postcss-loader/src/index.js??ruleSet[1].rules[14].oneOf[10].use[3]!/vercel/path0/app/global.css:8:308)
21:24:25.430     at /vercel/path0/node_modules/next/dist/compiled/webpack/bundle5.js:29:962717
21:24:25.430     at Hook.eval [as call] (eval at create (/vercel/path0/node_modules/next/dist/compiled/webpack/bundle5.js:14:9002), <anonymous>:7:1)
21:24:25.431     at /vercel/path0/node_modules/next/dist/compiled/webpack/bundle5.js:29:131565
21:24:25.431     at tryRunOrWebpackError (/vercel/path0/node_modules/next/dist/compiled/webpack/bundle5.js:29:316073)
21:24:25.431     at __webpack_require_module__ (/vercel/path0/node_modules/next/dist/compiled/webpack/bundle5.js:29:131532)
21:24:25.431     at __nested_webpack_require_161494__ (/vercel/path0/node_modules/next/dist/compiled/webpack/bundle5.js:29:130967)
21:24:25.431     at /vercel/path0/node_modules/next/dist/compiled/webpack/bundle5.js:29:131824
21:24:25.431     at symbolIterator (/vercel/path0/node_modules/next/dist/compiled/neo-async/async.js:1:14444)
21:24:25.431     at done (/vercel/path0/node_modules/next/dist/compiled/neo-async/async.js:1:14824)
21:24:25.431     at Hook.eval [as callAsync] (eval at create (/vercel/path0/node_modules/next/dist/compiled/webpack/bundle5.js:14:9224), <anonymous>:15:1)
21:24:25.431     at /vercel/path0/node_modules/next/dist/compiled/webpack/bundle5.js:29:130687
21:24:25.431     at symbolIterator (/vercel/path0/node_modules/next/dist/compiled/neo-async/async.js:1:14402)
21:24:25.431     at timesSync (/vercel/path0/node_modules/next/dist/compiled/neo-async/async.js:1:5027)
21:24:25.431     at Object.eachLimit (/vercel/path0/node_modules/next/dist/compiled/neo-async/async.js:1:14208)
21:24:25.431     at /vercel/path0/node_modules/next/dist/compiled/webpack/bundle5.js:29:130247
21:24:25.431     at symbolIterator (/vercel/path0/node_modules/next/dist/compiled/neo-async/async.js:1:14444)
21:24:25.431     at timesSync (/vercel/path0/node_modules/next/dist/compiled/neo-async/async.js:1:5027)
21:24:25.431     at Object.eachLimit (/vercel/path0/node_modules/next/dist/compiled/neo-async/async.js:1:14208)
21:24:25.431     at /vercel/path0/node_modules/next/dist/compiled/webpack/bundle5.js:29:129985
21:24:25.432     at symbolIterator (/vercel/path0/node_modules/next/dist/compiled/neo-async/async.js:1:14444)
21:24:25.432     at done (/vercel/path0/node_modules/next/dist/compiled/neo-async/async.js:1:14824)
21:24:25.432     at /vercel/path0/node_modules/next/dist/compiled/webpack/bundle5.js:29:129496
21:24:25.432     at /vercel/path0/node_modules/next/dist/compiled/webpack/bundle5.js:29:110331
21:24:25.432     at /vercel/path0/node_modules/next/dist/compiled/webpack/bundle5.js:29:315955
21:24:25.432     at _done (eval at create (/vercel/path0/node_modules/next/dist/compiled/webpack/bundle5.js:14:9224), <anonymous>:9:1)
21:24:25.432     at Hook.eval [as callAsync] (eval at create (/vercel/path0/node_modules/next/dist/compiled/webpack/bundle5.js:14:9224), <anonymous>:39:22)
21:24:25.432     at Cache.store (/vercel/path0/node_modules/next/dist/compiled/webpack/bundle5.js:29:16215)
21:24:25.432     at ItemCacheFacade.store (/vercel/path0/node_modules/next/dist/compiled/webpack/bundle5.js:29:17460)
21:24:25.432     at /vercel/path0/node_modules/next/dist/compiled/webpack/bundle5.js:29:110318
21:24:25.432     at /vercel/path0/node_modules/next/dist/compiled/webpack/bundle5.js:29:16080
21:24:25.432     at /vercel/path0/node_modules/next/dist/compiled/webpack/bundle5.js:29:15641
21:24:25.432     at /vercel/path0/node_modules/next/dist/compiled/webpack/bundle5.js:29:549074
21:24:25.432     at /vercel/path0/node_modules/next/dist/compiled/webpack/bundle5.js:29:16110
21:24:25.432     at eval (eval at create (/vercel/path0/node_modules/next/dist/compiled/webpack/bundle5.js:14:9224), <anonymous>:30:1)
21:24:25.432     at process.processTicksAndRejections (node:internal/process/task_queues:105:5)
21:24:25.432 
21:24:25.432 Generated code for /vercel/path0/node_modules/next/dist/build/webpack/loaders/css-loader/src/index.js??ruleSet[1].rules[14].oneOf[10].use[2]!/vercel/path0/node_modules/next/dist/build/webpack/loaders/postcss-loader/src/index.js??ruleSet[1].rules[14].oneOf[10].use[3]!/vercel/path0/node_modules/fumadocs-ui/css/preset.css
21:24:25.433 
21:24:25.433 Generated code for /vercel/path0/node_modules/next/dist/build/webpack/loaders/css-loader/src/index.js??ruleSet[1].rules[14].oneOf[10].use[2]!/vercel/path0/node_modules/next/dist/build/webpack/loaders/postcss-loader/src/index.js??ruleSet[1].rules[14].oneOf[10].use[3]!/vercel/path0/app/global.css
21:24:25.433  1 | __webpack_require__.r(__webpack_exports__);
21:24:25.433  2 | /* harmony export */ __webpack_require__.d(__webpack_exports__, {
21:24:25.433  3 | /* harmony export */   "default": () => (__WEBPACK_DEFAULT_EXPORT__)
21:24:25.433  4 | /* harmony export */ });
21:24:25.433  5 | /* harmony import */ var _node_modules_next_dist_build_webpack_loaders_css_loader_src_runtime_api_js__WEBPACK_IMPORTED_MODULE_0__ = __webpack_require__("/vercel/path0/node_modules/next/dist/build/webpack/loaders/css-loader/src/runtime/api.js");
21:24:25.433  6 | /* harmony import */ var _node_modules_next_dist_build_webpack_loaders_css_loader_src_runtime_api_js__WEBPACK_IMPORTED_MODULE_0___default = /*#__PURE__*/__webpack_require__.n(_node_modules_next_dist_build_webpack_loaders_css_loader_src_runtime_api_js__WEBPACK_IMPORTED_MODULE_0__);
21:24:25.433  7 | /* harmony import */ var _node_modules_next_dist_build_webpack_loaders_css_loader_src_index_js_ruleSet_1_rules_14_oneOf_10_use_2_node_modules_next_dist_build_webpack_loaders_postcss_loader_src_index_js_ruleSet_1_rules_14_oneOf_10_use_3_node_modules_fumadocs_ui_css_neutral_css__WEBPACK_IMPORTED_MODULE_1__ = __webpack_require__("/vercel/path0/node_modules/next/dist/build/webpack/loaders/css-loader/src/index.js??ruleSet[1].rules[14].oneOf[10].use[2]!/vercel/path0/node_modules/next/dist/build/webpack/loaders/postcss-loader/src/index.js??ruleSet[1].rules[14].oneOf[10].use[3]!/vercel/path0/node_modules/fumadocs-ui/css/neutral.css");
21:24:25.433  8 | /* harmony import */ var _node_modules_next_dist_build_webpack_loaders_css_loader_src_index_js_ruleSet_1_rules_14_oneOf_10_use_2_node_modules_next_dist_build_webpack_loaders_postcss_loader_src_index_js_ruleSet_1_rules_14_oneOf_10_use_3_node_modules_fumadocs_ui_css_preset_css__WEBPACK_IMPORTED_MODULE_2__ = __webpack_require__("/vercel/path0/node_modules/next/dist/build/webpack/loaders/css-loader/src/index.js??ruleSet[1].rules[14].oneOf[10].use[2]!/vercel/path0/node_modules/next/dist/build/webpack/loaders/postcss-loader/src/index.js??ruleSet[1].rules[14].oneOf[10].use[3]!/vercel/path0/node_modules/fumadocs-ui/css/preset.css");
21:24:25.433  9 | /* harmony import */ var _node_modules_next_dist_build_webpack_loaders_css_loader_src_index_js_ruleSet_1_rules_14_oneOf_10_use_2_node_modules_next_dist_build_webpack_loaders_postcss_loader_src_index_js_ruleSet_1_rules_14_oneOf_10_use_3_node_modules_fumadocs_ui_css_preset_css__WEBPACK_IMPORTED_MODULE_2___default = /*#__PURE__*/__webpack_require__.n(_node_modules_next_dist_build_webpack_loaders_css_loader_src_index_js_ruleSet_1_rules_14_oneOf_10_use_2_node_modules_next_dist_build_webpack_loaders_postcss_loader_src_index_js_ruleSet_1_rules_14_oneOf_10_use_3_node_modules_fumadocs_ui_css_preset_css__WEBPACK_IMPORTED_MODULE_2__);
21:24:25.433 10 | /* harmony import */ var _node_modules_next_dist_build_webpack_loaders_css_loader_src_index_js_ruleSet_1_rules_14_oneOf_10_use_2_node_modules_next_dist_build_webpack_loaders_postcss_loader_src_index_js_ruleSet_1_rules_14_oneOf_10_use_3_node_modules_fumadocs_ui_css_shadcn_css__WEBPACK_IMPORTED_MODULE_3__ = __webpack_require__("/vercel/path0/node_modules/next/dist/build/webpack/loaders/css-loader/src/index.js??ruleSet[1].rules[14].oneOf[10].use[2]!/vercel/path0/node_modules/next/dist/build/webpack/loaders/postcss-loader/src/index.js??ruleSet[1].rules[14].oneOf[10].use[3]!/vercel/path0/node_modules/fumadocs-ui/css/shadcn.css");
21:24:25.433 11 | // Imports
21:24:25.433 12 | 
21:24:25.434 13 | 
21:24:25.434 14 | 
21:24:25.434 15 | 
21:24:25.434 16 | var ___CSS_LOADER_EXPORT___ = _node_modules_next_dist_build_webpack_loaders_css_loader_src_runtime_api_js__WEBPACK_IMPORTED_MODULE_0___default()(false);
21:24:25.434 17 | ___CSS_LOADER_EXPORT___.i(_node_modules_next_dist_build_webpack_loaders_css_loader_src_index_js_ruleSet_1_rules_14_oneOf_10_use_2_node_modules_next_dist_build_webpack_loaders_postcss_loader_src_index_js_ruleSet_1_rules_14_oneOf_10_use_3_node_modules_fumadocs_ui_css_neutral_css__WEBPACK_IMPORTED_MODULE_1__["default"]);
21:24:25.435 18 | ___CSS_LOADER_EXPORT___.i((_node_modules_next_dist_build_webpack_loaders_css_loader_src_index_js_ruleSet_1_rules_14_oneOf_10_use_2_node_modules_next_dist_build_webpack_loaders_postcss_loader_src_index_js_ruleSet_1_rules_14_oneOf_10_use_3_node_modules_fumadocs_ui_css_preset_css__WEBPACK_IMPORTED_MODULE_2___default()));
21:24:25.435 19 | ___CSS_LOADER_EXPORT___.i(_node_modules_next_dist_build_webpack_loaders_css_loader_src_index_js_ruleSet_1_rules_14_oneOf_10_use_2_node_modules_next_dist_build_webpack_loaders_postcss_loader_src_index_js_ruleSet_1_rules_14_oneOf_10_use_3_node_modules_fumadocs_ui_css_shadcn_css__WEBPACK_IMPORTED_MODULE_3__["default"]);
21:24:25.435 20 | // Module
21:24:25.435 21 | ___CSS_LOADER_EXPORT___.push([module.id, "*, ::before, ::after {\n  --tw-border-spacing-x: 0;\n  --tw-border-spacing-y: 0;\n  --tw-translate-x: 0;\n  --tw-translate-y: 0;\n  --tw-rotate: 0;\n  --tw-skew-x: 0;\n  --tw-skew-y: 0;\n  --tw-scale-x: 1;\n  --tw-scale-y: 1;\n  --tw-pan-x:  ;\n  --tw-pan-y:  ;\n  --tw-pinch-zoom:  ;\n  --tw-scroll-snap-strictness: proximity;\n  --tw-gradient-from-position:  ;\n  --tw-gradient-via-position:  ;\n  --tw-gradient-to-position:  ;\n  --tw-ordinal:  ;\n  --tw-slashed-zero:  ;\n  --tw-numeric-figure:  ;\n  --tw-numeric-spacing:  ;\n  --tw-numeric-fraction:  ;\n  --tw-ring-inset:  ;\n  --tw-ring-offset-width: 0px;\n  --tw-ring-offset-color: #fff;\n  --tw-ring-color: rgb(59 130 246 / 0.5);\n  --tw-ring-offset-shadow: 0 0 #0000;\n  --tw-ring-shadow: 0 0 #0000;\n  --tw-shadow: 0 0 #0000;\n  --tw-shadow-colored: 0 0 #0000;\n  --tw-blur:  ;\n  --tw-brightness:  ;\n  --tw-contrast:  ;\n  --tw-grayscale:  ;\n  --tw-hue-rotate:  ;\n  --tw-invert:  ;\n  --tw-saturate:  ;\n  --tw-sepia:  ;\n  --tw-drop-shadow:  ;\n  --tw-backdrop-blur:  ;\n  --tw-backdrop-brightness:  ;\n  --tw-backdrop-contrast:  ;\n  --tw-backdrop-grayscale:  ;\n  --tw-backdrop-hue-rotate:  ;\n  --tw-backdrop-invert:  ;\n  --tw-backdrop-opacity:  ;\n  --tw-backdrop-saturate:  ;\n  --tw-backdrop-sepia:  ;\n  --tw-contain-size:  ;\n  --tw-contain-layout:  ;\n  --tw-contain-paint:  ;\n  --tw-contain-style:  ;\n}\n\n::backdrop {\n  --tw-border-spacing-x: 0;\n  --tw-border-spacing-y: 0;\n  --tw-translate-x: 0;\n  --tw-translate-y: 0;\n  --tw-rotate: 0;\n  --tw-skew-x: 0;\n  --tw-skew-y: 0;\n  --tw-scale-x: 1;\n  --tw-scale-y: 1;\n  --tw-pan-x:  ;\n  --tw-pan-y:  ;\n  --tw-pinch-zoom:  ;\n  --tw-scroll-snap-strictness: proximity;\n  --tw-gradient-from-position:  ;\n  --tw-gradient-via-position:  ;\n  --tw-gradient-to-position:  ;\n  --tw-ordinal:  ;\n  --tw-slashed-zero:  ;\n  --tw-numeric-figure:  ;\n  --tw-numeric-spacing:  ;\n  --tw-numeric-fraction:  ;\n  --tw-ring-inset:  ;\n  --tw-ring-offset-width: 0px;\n  --tw-ring-offset-color: #fff;\n  --tw-ring-color: rgb(59 130 246 / 0.5);\n  --tw-ring-offset-shadow: 0 0 #0000;\n  --tw-ring-shadow: 0 0 #0000;\n  --tw-shadow: 0 0 #0000;\n  --tw-shadow-colored: 0 0 #0000;\n  --tw-blur:  ;\n  --tw-brightness:  ;\n  --tw-contrast:  ;\n  --tw-grayscale:  ;\n  --tw-hue-rotate:  ;\n  --tw-invert:  ;\n  --tw-saturate:  ;\n  --tw-sepia:  ;\n  --tw-drop-shadow:  ;\n  --tw-backdrop-blur:  ;\n  --tw-backdrop-brightness:  ;\n  --tw-backdrop-contrast:  ;\n  --tw-backdrop-grayscale:  ;\n  --tw-backdrop-hue-rotate:  ;\n  --tw-backdrop-invert:  ;\n  --tw-backdrop-opacity:  ;\n  --tw-backdrop-saturate:  ;\n  --tw-backdrop-sepia:  ;\n  --tw-contain-size:  ;\n  --tw-contain-layout:  ;\n  --tw-contain-paint:  ;\n  --tw-contain-style:  ;\n}/*\n! tailwindcss v3.4.19 | MIT License | https://tailwindcss.com\n*//*\n1. Prevent padding and border from affecting element width. (https://github.com/mozdevs/cssremedy/issues/4)\n2. Allow adding a border to an element by just adding a border-width. (https://github.com/tailwindcss/tailwindcss/pull/116)\n*/\n\n*,\n::before,\n::after {\n  box-sizing: border-box; /* 1 */\n  border-width: 0; /* 2 */\n  border-style: solid; /* 2 */\n  border-color: #e5e7eb; /* 2 */\n}\n\n::before,\n::after {\n  --tw-content: '';\n}\n\n/*\n1. Use a consistent sensible line-height in all browsers.\n2. Prevent adjustments of font size after orientation changes in iOS.\n3. Use a more readable tab size.\n4. Use the user's configured `sans` font-family by default.\n5. Use the user's configured `sans` font-feature-settings by default.\n6. Use the user's configured `sans` font-variation-settings by default.\n7. Disable tap highlights on iOS\n*/\n\nhtml,\n:host {\n  line-height: 1.5; /* 1 */\n  -webkit-text-size-adjust: 100%; /* 2 */\n  -moz-tab-size: 4; /* 3 */\n  -o-tab-size: 4;\n     tab-size: 4; /* 3 */\n  font-family: ui-sans-serif, system-ui, sans-serif, \"Apple Color Emoji\", \"Segoe UI Emoji\", \"Segoe UI Symbol\", \"Noto Color Emoji\"; /* 4 */\n  font-feature-settings: normal; /* 5 */\n  fo
21:24:25.435 22 | // Exports
21:24:25.435 23 | /* harmony default export */ const __WEBPACK_DEFAULT_EXPORT__ = (___CSS_LOADER_EXPORT___);
21:24:25.435 24 | 
21:24:25.435 
21:24:25.435 Import trace for requested module:
21:24:25.435 ./app/global.css
21:24:25.435 
21:24:25.443 
21:24:25.443 > Build failed because of webpack errors
21:24:25.543 error: script "build" exited with code 1
21:24:25.550 Error: Command "bun run build" exited with 1